[debug] [2025-11-23T09:08:30.720Z] ----------------------------------------------------------------------
[debug] [2025-11-23T09:08:30.730Z] Command:       C:\Program Files\nodejs\node.exe C:\Users\GALOWSKIE\AppData\Roaming\npm\node_modules\firebase-tools\lib\bin\firebase.js deploy --only firestore:indexes
[debug] [2025-11-23T09:08:30.731Z] CLI Version:   14.26.0
[debug] [2025-11-23T09:08:30.731Z] Platform:      win32
[debug] [2025-11-23T09:08:30.731Z] Node Version:  v22.20.0
[debug] [2025-11-23T09:08:30.732Z] Time:          Sun Nov 23 2025 17:08:30 GMT+0800 (Philippine Standard Time)
[debug] [2025-11-23T09:08:30.732Z] ----------------------------------------------------------------------
[debug] 
[debug] [2025-11-23T09:08:30.995Z] > command requires scopes: ["email","openid","https://www.googleapis.com/auth/cloudplatformprojects.readonly","https://www.googleapis.com/auth/firebase","https://www.googleapis.com/auth/cloud-platform"]
[debug] [2025-11-23T09:08:30.995Z] > authorizing via signed-in user (202312256@gordoncollege.edu.ph)
[debug] [2025-11-23T09:08:30.995Z] [iam] checking project harvesthub-fe2bd for permissions ["datastore.indexes.create","datastore.indexes.delete","datastore.indexes.list","datastore.indexes.update","firebase.projects.get"]
[debug] [2025-11-23T09:08:30.997Z] Checked if tokens are valid: true, expires at: 1763890677766
[debug] [2025-11-23T09:08:30.997Z] Checked if tokens are valid: true, expires at: 1763890677766
[debug] [2025-11-23T09:08:30.998Z] >>> [apiv2][query] POST https://cloudresourcemanager.googleapis.com/v1/projects/harvesthub-fe2bd:testIamPermissions [none]
[debug] [2025-11-23T09:08:30.998Z] >>> [apiv2][(partial)header] POST https://cloudresourcemanager.googleapis.com/v1/projects/harvesthub-fe2bd:testIamPermissions x-goog-quota-user=projects/harvesthub-fe2bd
[debug] [2025-11-23T09:08:30.999Z] >>> [apiv2][body] POST https://cloudresourcemanager.googleapis.com/v1/projects/harvesthub-fe2bd:testIamPermissions {"permissions":["datastore.indexes.create","datastore.indexes.delete","datastore.indexes.list","datastore.indexes.update","firebase.projects.get"]}
[debug] [2025-11-23T09:08:32.087Z] <<< [apiv2][status] POST https://cloudresourcemanager.googleapis.com/v1/projects/harvesthub-fe2bd:testIamPermissions 200
[debug] [2025-11-23T09:08:32.087Z] <<< [apiv2][body] POST https://cloudresourcemanager.googleapis.com/v1/projects/harvesthub-fe2bd:testIamPermissions {"permissions":["datastore.indexes.create","datastore.indexes.delete","datastore.indexes.list","datastore.indexes.update","firebase.projects.get"]}
[info] 
[info] === Deploying to 'harvesthub-fe2bd'...
[info] 
[info] i  deploying firestore 
[info] i  firestore: ensuring required API firestore.googleapis.com is enabled... 
[info] i  firestore: ensuring required API firestore.googleapis.com is enabled... 
[debug] [2025-11-23T09:08:32.091Z] Checked if tokens are valid: true, expires at: 1763890677766
[debug] [2025-11-23T09:08:32.091Z] Checked if tokens are valid: true, expires at: 1763890677766
[debug] [2025-11-23T09:08:32.091Z] >>> [apiv2][query] GET https://firestore.googleapis.com/v1/projects/harvesthub-fe2bd/databases/(default) [none]
[debug] [2025-11-23T09:08:33.386Z] <<< [apiv2][status] GET https://firestore.googleapis.com/v1/projects/harvesthub-fe2bd/databases/(default) 200
[debug] [2025-11-23T09:08:33.386Z] <<< [apiv2][body] GET https://firestore.googleapis.com/v1/projects/harvesthub-fe2bd/databases/(default) {"name":"projects/harvesthub-fe2bd/databases/(default)","uid":"2f12a1d8-ee2a-4ac4-8194-4fdf82a7f838","createTime":"2025-09-30T03:32:42.709974Z","updateTime":"2025-09-30T03:32:42.709974Z","locationId":"nam5","type":"FIRESTORE_NATIVE","concurrencyMode":"PESSIMISTIC","versionRetentionPeriod":"3600s","earliestVersionTime":"2025-11-23T08:08:37.008802Z","appEngineIntegrationMode":"DISABLED","keyPrefix":"s","pointInTimeRecoveryEnablement":"POINT_IN_TIME_RECOVERY_DISABLED","deleteProtectionState":"DELETE_PROTECTION_DISABLED","databaseEdition":"STANDARD","freeTier":true,"realtimeUpdatesMode":"REALTIME_UPDATES_MODE_ENABLED","etag":"IJ6fyaL2h5EDMMDgiZ3H/48D"}
[info] i  firestore: reading indexes from firestore.indexes.json... 
[info] i  cloud.firestore: checking firestore.rules for compilation errors... 
[debug] [2025-11-23T09:08:33.388Z] Checked if tokens are valid: true, expires at: 1763890677766
[debug] [2025-11-23T09:08:33.388Z] Checked if tokens are valid: true, expires at: 1763890677766
[debug] [2025-11-23T09:08:33.388Z] >>> [apiv2][query] POST https://firebaserules.googleapis.com/v1/projects/harvesthub-fe2bd:test [none]
[debug] [2025-11-23T09:08:33.388Z] >>> [apiv2][body] POST https://firebaserules.googleapis.com/v1/projects/harvesthub-fe2bd:test [omitted]
[debug] [2025-11-23T09:08:34.583Z] <<< [apiv2][status] POST https://firebaserules.googleapis.com/v1/projects/harvesthub-fe2bd:test 200
[debug] [2025-11-23T09:08:34.583Z] <<< [apiv2][body] POST https://firebaserules.googleapis.com/v1/projects/harvesthub-fe2bd:test {}
[info] +  cloud.firestore: rules file firestore.rules compiled successfully 
[info] i  firestore: deploying indexes... 
[debug] [2025-11-23T09:08:34.585Z] Checked if tokens are valid: true, expires at: 1763890677766
[debug] [2025-11-23T09:08:34.585Z] Checked if tokens are valid: true, expires at: 1763890677766
[debug] [2025-11-23T09:08:34.585Z] >>> [apiv2][query] GET https://firestore.googleapis.com/v1/projects/harvesthub-fe2bd/databases/(default)/collectionGroups/-/indexes [none]
[debug] [2025-11-23T09:08:34.861Z] <<< [apiv2][status] GET https://firestore.googleapis.com/v1/projects/harvesthub-fe2bd/databases/(default)/collectionGroups/-/indexes 200
[debug] [2025-11-23T09:08:34.861Z] <<< [apiv2][body] GET https://firestore.googleapis.com/v1/projects/harvesthub-fe2bd/databases/(default)/collectionGroups/-/indexes {"indexes":[{"name":"projects/harvesthub-fe2bd/databases/(default)/collectionGroups/community_comments/indexes/CICAgJim14AK","queryScope":"COLLECTION","fields":[{"fieldPath":"postId","order":"ASCENDING"},{"fieldPath":"createdAt","order":"ASCENDING"},{"fieldPath":"__name__","order":"ASCENDING"}],"state":"READY","density":"SPARSE_ALL"},{"name":"projects/harvesthub-fe2bd/databases/(default)/collectionGroups/wallet_transactions/indexes/CICAgOi39IkK","queryScope":"COLLECTION","fields":[{"fieldPath":"userId","order":"ASCENDING"},{"fieldPath":"createdAt","order":"DESCENDING"},{"fieldPath":"__name__","order":"DESCENDING"}],"state":"READY","density":"SPARSE_ALL"}]}
[debug] [2025-11-23T09:08:34.862Z] Checked if tokens are valid: true, expires at: 1763890677766
[debug] [2025-11-23T09:08:34.862Z] Checked if tokens are valid: true, expires at: 1763890677766
[debug] [2025-11-23T09:08:34.862Z] >>> [apiv2][query] GET https://firestore.googleapis.com/v1/projects/harvesthub-fe2bd/databases/(default)/collectionGroups/-/fields?filter=indexConfig.usesAncestorConfig=false OR ttlConfig:* [none]
[debug] [2025-11-23T09:08:35.105Z] <<< [apiv2][status] GET https://firestore.googleapis.com/v1/projects/harvesthub-fe2bd/databases/(default)/collectionGroups/-/fields?filter=indexConfig.usesAncestorConfig=false OR ttlConfig:* 200
[debug] [2025-11-23T09:08:35.105Z] <<< [apiv2][body] GET https://firestore.googleapis.com/v1/projects/harvesthub-fe2bd/databases/(default)/collectionGroups/-/fields?filter=indexConfig.usesAncestorConfig=false OR ttlConfig:* {"fields":[{"name":"projects/harvesthub-fe2bd/databases/(default)/collectionGroups/__default__/fields/*","indexConfig":{"indexes":[{"queryScope":"COLLECTION","fields":[{"fieldPath":"*","order":"ASCENDING"}],"state":"READY"},{"queryScope":"COLLECTION","fields":[{"fieldPath":"*","order":"DESCENDING"}],"state":"READY"},{"queryScope":"COLLECTION","fields":[{"fieldPath":"*","arrayConfig":"CONTAINS"}],"state":"READY"}]}}]}
[debug] [2025-11-23T09:08:35.105Z] Checked if tokens are valid: true, expires at: 1763890677766
[debug] [2025-11-23T09:08:35.105Z] Checked if tokens are valid: true, expires at: 1763890677766
[debug] [2025-11-23T09:08:35.105Z] >>> [apiv2][query] GET https://firestore.googleapis.com/v1/projects/harvesthub-fe2bd/databases/(default) [none]
[debug] [2025-11-23T09:08:35.383Z] <<< [apiv2][status] GET https://firestore.googleapis.com/v1/projects/harvesthub-fe2bd/databases/(default) 200
[debug] [2025-11-23T09:08:35.384Z] <<< [apiv2][body] GET https://firestore.googleapis.com/v1/projects/harvesthub-fe2bd/databases/(default) {"name":"projects/harvesthub-fe2bd/databases/(default)","uid":"2f12a1d8-ee2a-4ac4-8194-4fdf82a7f838","createTime":"2025-09-30T03:32:42.709974Z","updateTime":"2025-09-30T03:32:42.709974Z","locationId":"nam5","type":"FIRESTORE_NATIVE","concurrencyMode":"PESSIMISTIC","versionRetentionPeriod":"3600s","earliestVersionTime":"2025-11-23T08:08:39.005102Z","appEngineIntegrationMode":"DISABLED","keyPrefix":"s","pointInTimeRecoveryEnablement":"POINT_IN_TIME_RECOVERY_DISABLED","deleteProtectionState":"DELETE_PROTECTION_DISABLED","databaseEdition":"STANDARD","freeTier":true,"realtimeUpdatesMode":"REALTIME_UPDATES_MODE_ENABLED","etag":"IJmKw6P2h5EDMMDgiZ3H/48D"}
[debug] [2025-11-23T09:08:35.385Z] Skipping existing index: {"collectionGroup":"community_comments","queryScope":"COLLECTION","fields":[{"fieldPath":"postId","order":"ASCENDING"},{"fieldPath":"createdAt","order":"ASCENDING"},{"fieldPath":"__name__","order":"ASCENDING"}]}
[debug] [2025-11-23T09:08:35.385Z] Skipping existing index: {"collectionGroup":"wallet_transactions","queryScope":"COLLECTION","fields":[{"fieldPath":"userId","order":"ASCENDING"},{"fieldPath":"createdAt","order":"DESCENDING"},{"fieldPath":"__name__","order":"DESCENDING"}]}
[debug] [2025-11-23T09:08:35.385Z] Creating new index: {"collectionGroup":"orders","queryScope":"COLLECTION","fields":[{"fieldPath":"farmerId","order":"ASCENDING"},{"fieldPath":"createdAt","order":"DESCENDING"}]}
[debug] [2025-11-23T09:08:35.385Z] Checked if tokens are valid: true, expires at: 1763890677766
[debug] [2025-11-23T09:08:35.386Z] Checked if tokens are valid: true, expires at: 1763890677766
[debug] [2025-11-23T09:08:35.386Z] >>> [apiv2][query] POST https://firestore.googleapis.com/v1/projects/harvesthub-fe2bd/databases/(default)/collectionGroups/orders/indexes [none]
[debug] [2025-11-23T09:08:35.386Z] >>> [apiv2][body] POST https://firestore.googleapis.com/v1/projects/harvesthub-fe2bd/databases/(default)/collectionGroups/orders/indexes {"fields":[{"fieldPath":"farmerId","order":"ASCENDING"},{"fieldPath":"createdAt","order":"DESCENDING"}],"queryScope":"COLLECTION"}
[debug] [2025-11-23T09:09:35.243Z] <<< [apiv2][status] POST https://firestore.googleapis.com/v1/projects/harvesthub-fe2bd/databases/(default)/collectionGroups/orders/indexes 500
[debug] [2025-11-23T09:09:35.244Z] <<< [apiv2][body] POST https://firestore.googleapis.com/v1/projects/harvesthub-fe2bd/databases/(default)/collectionGroups/orders/indexes {"error":{"code":500,"message":"Internal error encountered.","status":"INTERNAL"}}
[error] 
[error] Error: Request to https://firestore.googleapis.com/v1/projects/harvesthub-fe2bd/databases/(default)/collectionGroups/orders/indexes had HTTP Error: 500, Internal error encountered.
[debug] [2025-11-23T09:09:35.347Z] Error Context: {
  "body": {
    "error": {
      "code": 500,
      "message": "Internal error encountered.",
      "status": "INTERNAL"
    }
  },
  "response": {
    "statusCode": 500
  }
}
